2025-09-04 22:06:48 - main_bot - INFO - Starting Audio Router Bot...
2025-09-04 22:06:51 - main_bot - INFO - Audio Router Bot online: AudioRouterMain#1961
2025-09-04 22:06:51 - main_bot - INFO - Audio router initialized successfully
2025-09-04 22:07:59 - main_bot - INFO - Synced 0 slash commands
2025-09-04 22:18:37 - main_bot - INFO - Cleanup completed successfully, but control channel was deleted
2025-09-04 22:19:34 - main_bot - INFO - Cleanup completed successfully, but control channel was deleted
2025-09-04 23:27:31 - main_bot - INFO - Audio Router Bot online: AudioRouterMain#1961
2025-09-04 23:27:31 - main_bot - INFO - Audio router initialized successfully
2025-09-04 23:27:31 - main_bot - INFO - Synced 0 slash commands
2025-09-05 01:17:13 - main_bot - INFO - Audio Router Bot online: AudioRouterMain#1961
2025-09-05 01:17:13 - main_bot - INFO - Audio router initialized successfully
2025-09-05 01:17:13 - main_bot - INFO - Synced 0 slash commands
2025-09-05 01:30:29 - main_bot - INFO - Audio Router Bot online: AudioRouterMain#1961
2025-09-05 01:30:29 - main_bot - INFO - Audio router initialized successfully
2025-09-05 01:30:29 - main_bot - INFO - Synced 0 slash commands
2025-09-05 02:31:19 - main_bot - INFO - Audio Router Bot online: AudioRouterMain#1961
2025-09-05 02:31:19 - main_bot - INFO - Audio router initialized successfully
2025-09-05 02:55:48 - main_bot - INFO - Synced 0 slash commands
2025-09-05 07:20:09 - main_bot - INFO - Audio Router Bot online: AudioRouterMain#1961
2025-09-05 07:20:09 - main_bot - INFO - Audio router initialized successfully
2025-09-05 07:20:09 - main_bot - INFO - Synced 0 slash commands
2025-09-05 10:19:39 - main_bot - INFO - Audio Router Bot online: AudioRouterMain#1961
2025-09-05 10:19:39 - main_bot - INFO - Audio router initialized successfully
2025-09-05 10:19:39 - main_bot - INFO - Synced 0 slash commands
2025-09-05 11:00:27 - main_bot - INFO - Audio Router Bot online: AudioRouterMain#1961
2025-09-05 11:00:27 - main_bot - INFO - Audio router initialized successfully
2025-09-05 11:00:28 - main_bot - INFO - Synced 0 slash commands
2025-09-05 12:16:43 - main_bot - INFO - Audio Router Bot online: AudioRouterMain#1961
2025-09-05 12:16:43 - main_bot - INFO - Audio router initialized successfully
2025-09-05 12:16:44 - main_bot - INFO - Synced 0 slash commands
2025-09-05 12:55:39 - main_bot - INFO - Starting Audio Router Bot...
2025-09-05 12:55:42 - main_bot - INFO - Audio Router Bot online: AudioRouterMain#1961
2025-09-05 12:55:42 - main_bot - INFO - Audio router initialized successfully
2025-09-05 12:55:42 - main_bot - INFO - Synced 0 slash commands
2025-09-05 12:56:13 - main_bot - INFO - Cleanup completed successfully, but control channel was deleted
