2025-09-05 13:58:58 - speaker_bot - INFO - Starting speaker bot speaker_1413478475146465333...
2025-09-05 13:58:59 - speaker_bot - INFO - Speaker bot speaker_1413478475146465333 connected to Discord
2025-09-05 13:59:01 - speaker_bot - INFO - Speaker bot speaker_1413478475146465333 ready: AudioRouterMain#1961
2025-09-05 13:59:01 - speaker_bot - INFO - Target channel: 1413478475146465333, Guild: 1412879510319272138
2025-09-05 13:59:01 - speaker_bot - INFO - Started WebSocket server on port 8333 for speaker bot speaker_1413478475146465333
2025-09-05 13:59:02 - speaker_bot - INFO - Voice client connected: <discord.ext.voice_recv.voice_client.VoiceRecvClient object at 0x105927c90>
2025-09-05 13:59:02 - speaker_bot - INFO - Voice client type: <class 'discord.ext.voice_recv.voice_client.VoiceRecvClient'>
2025-09-05 13:59:02 - speaker_bot - INFO - Voice client connected: True
2025-09-05 13:59:02 - speaker_bot - INFO - Voice state updated: self-deafened
2025-09-05 13:59:02 - speaker_bot - INFO - Connected to speaker channel: Speaker (self-deafened)
2025-09-05 13:59:02 - speaker_bot - INFO - Audio sink setup complete: True
2025-09-05 13:59:02 - speaker_bot - INFO - Listener bot connected: ('::1', 64066, 0, 0)
2025-09-05 13:59:02 - speaker_bot - INFO - Voice state update in speaker channel: AudioRouterMain
2025-09-05 13:59:02 - speaker_bot - INFO - Before: muted=False, deafened=False
2025-09-05 13:59:02 - speaker_bot - INFO - After: muted=False, deafened=True
2025-09-05 14:00:01 - speaker_bot - INFO - Voice connection healthy, 1 listeners connected
2025-09-05 14:00:18 - speaker_bot - INFO - Voice state update in speaker channel: くZava
2025-09-05 14:00:18 - speaker_bot - INFO - Before: muted=False, deafened=False
2025-09-05 14:00:18 - speaker_bot - INFO - After: muted=False, deafened=False
2025-09-05 14:01:01 - speaker_bot - INFO - Voice connection healthy, 1 listeners connected
2025-09-05 14:01:45 - speaker_bot - INFO - Stopping speaker bot speaker_1413478475146465333...
2025-09-05 14:01:46 - speaker_bot - WARNING - Voice client disconnected, attempting to reconnect...
2025-09-05 14:01:46 - speaker_bot - ERROR - Failed to connect to speaker channel: Already connected to a voice channel.
2025-09-05 14:01:51 - speaker_bot - WARNING - Voice client disconnected, attempting to reconnect...
2025-09-05 14:01:51 - speaker_bot - ERROR - Failed to connect to speaker channel: Already connected to a voice channel.
2025-09-05 14:01:56 - speaker_bot - WARNING - Voice client disconnected, attempting to reconnect...
2025-09-05 14:01:56 - speaker_bot - ERROR - Failed to connect to speaker channel: Already connected to a voice channel.
2025-09-05 14:02:01 - speaker_bot - WARNING - Voice client disconnected, attempting to reconnect...
2025-09-05 14:02:01 - speaker_bot - ERROR - Failed to connect to speaker channel: Already connected to a voice channel.
2025-09-05 14:02:06 - speaker_bot - WARNING - Voice client disconnected, attempting to reconnect...
2025-09-05 14:02:06 - speaker_bot - ERROR - Failed to connect to speaker channel: Already connected to a voice channel.
2025-09-05 14:02:11 - speaker_bot - WARNING - Voice client disconnected, attempting to reconnect...
2025-09-05 14:02:11 - speaker_bot - ERROR - Failed to connect to speaker channel: Already connected to a voice channel.
2025-09-05 14:02:15 - speaker_bot - INFO - Speaker bot disconnected and cleaned up
2025-09-05 14:02:15 - speaker_bot - INFO - Speaker bot stopped
2025-09-05 14:02:15 - speaker_bot - INFO - Speaker bot interrupted
